<?xml version="1.0" encoding="UTF-8"?>
<!-- Generated by org.testng.reporters.JUnitReportReporter -->
<testsuite hostname="pranjal-HP-ProDesk-600-G1-SFF" failures="0" tests="3" name="com.A.TicketingTool.Login.TC_01_Login" time="38.976" errors="0" timestamp="2023-02-23T15:48:11 IST" skipped="0">
  <testcase classname="com.A.TicketingTool.Login.TC_01_Login" name="login_userPanel" time="14.516"/>
  <system-out/>
  <testcase classname="com.A.TicketingTool.Login.TC_01_Login" name="login_userPanel" time="10.133"/>
  <system-out/>
  <testcase classname="com.A.TicketingTool.Login.TC_01_Login" name="login_userPanel" time="14.327"/>
  <system-out/>
</testsuite> <!-- com.A.TicketingTool.Login.TC_01_Login -->
