<?xml version="1.0" encoding="UTF-8"?>
<!-- Generated by org.testng.reporters.JUnitReportReporter -->
<testsuite hostname="pranjal-HP-ProDesk-600-G1-SFF" failures="0" tests="1" name="com.A.TicketingTool.Valid.Scenarios.TC_01_Login" time="5.437" errors="0" timestamp="2023-02-23T16:08:55 IST" skipped="0">
  <testcase classname="com.A.TicketingTool.Valid.Scenarios.TC_01_Login" name="Login" time="5.437"/>
  <system-out/>
</testsuite> <!-- com.A.TicketingTool.Valid.Scenarios.TC_01_Login -->
